[Thu Mar 24 14:08:03.499971 2022] [ssl:warn] [pid 12952:tid 600] AH01909: www.example.com:443:0 server certificate does NOT include an ID which matches the server name
[Thu Mar 24 14:08:03.575506 2022] [ssl:warn] [pid 12952:tid 600] AH01909: www.example.com:443:0 server certificate does NOT include an ID which matches the server name
[Thu Mar 24 14:08:03.603509 2022] [mpm_winnt:notice] [pid 12952:tid 600] AH00455: Apache/2.4.52 (Win64) OpenSSL/1.1.1m PHP/7.4.28 configured -- resuming normal operations
[Thu Mar 24 14:08:03.603509 2022] [mpm_winnt:notice] [pid 12952:tid 600] AH00456: Apache Lounge VC15 Server built: Dec 23 2021 11:00:40
[Thu Mar 24 14:08:03.603509 2022] [core:notice] [pid 12952:tid 600] AH00094: Command line: 'F:\\xampp\\apache\\bin\\httpd.exe -d F:/xampp/apache'
[Thu Mar 24 14:08:03.612509 2022] [mpm_winnt:notice] [pid 12952:tid 600] AH00418: Parent: Created child process 19324
[Thu Mar 24 14:08:04.682516 2022] [ssl:warn] [pid 19324:tid 664] AH01909: www.example.com:443:0 server certificate does NOT include an ID which matches the server name
[Thu Mar 24 14:08:04.734516 2022] [ssl:warn] [pid 19324:tid 664] AH01909: www.example.com:443:0 server certificate does NOT include an ID which matches the server name
[Thu Mar 24 14:08:04.756516 2022] [mpm_winnt:notice] [pid 19324:tid 664] AH00354: Child: Starting 150 worker threads.
[Thu Mar 24 14:09:03.847752 2022] [ssl:warn] [pid 9432:tid 596] AH01909: www.example.com:443:0 server certificate does NOT include an ID which matches the server name
[Thu Mar 24 14:09:03.899751 2022] [ssl:warn] [pid 9432:tid 596] AH01909: www.example.com:443:0 server certificate does NOT include an ID which matches the server name
[Thu Mar 24 14:09:03.931750 2022] [mpm_winnt:notice] [pid 9432:tid 596] AH00455: Apache/2.4.52 (Win64) OpenSSL/1.1.1m PHP/7.4.28 configured -- resuming normal operations
[Thu Mar 24 14:09:03.931750 2022] [mpm_winnt:notice] [pid 9432:tid 596] AH00456: Apache Lounge VC15 Server built: Dec 23 2021 11:00:40
[Thu Mar 24 14:09:03.931750 2022] [core:notice] [pid 9432:tid 596] AH00094: Command line: 'f:\\xampp\\apache\\bin\\httpd.exe -d F:/xampp/apache'
[Thu Mar 24 14:09:03.934751 2022] [mpm_winnt:notice] [pid 9432:tid 596] AH00418: Parent: Created child process 19872
[Thu Mar 24 14:09:04.958745 2022] [ssl:warn] [pid 19872:tid 624] AH01909: www.example.com:443:0 server certificate does NOT include an ID which matches the server name
[Thu Mar 24 14:09:04.990750 2022] [ssl:warn] [pid 19872:tid 624] AH01909: www.example.com:443:0 server certificate does NOT include an ID which matches the server name
[Thu Mar 24 14:09:05.010750 2022] [mpm_winnt:notice] [pid 19872:tid 624] AH00354: Child: Starting 150 worker threads.
[Thu Mar 24 14:42:16.202496 2022] [cgi:error] [pid 19872:tid 1876] [client ::1:50632] AH01215: Undefined subroutine &main::param called at F:/xampp/cgi-bin/read_order_form.cgi line 8.\r: F:/xampp/cgi-bin/read_order_form.cgi, referer: http://localhost/index.html
[Thu Mar 24 14:42:37.867356 2022] [cgi:error] [pid 19872:tid 1872] [client ::1:50633] AH01215: [Thu Mar 24 14:42:37 2022] read_order_form.cgi: Undefined subroutine &main::param called at F:/xampp/cgi-bin/read_order_form.cgi line 9.\r: F:/xampp/cgi-bin/read_order_form.cgi, referer: http://localhost/index.html
[Thu Mar 24 15:10:52.561075 2022] [cgi:error] [pid 19872:tid 1872] [client ::1:52121] AH01215: [Thu Mar 24 15:10:52 2022] read_order_form.cgi: Argument "0,90" isn't numeric in multiplication (*) at F:/xampp/cgi-bin/read_order_form.cgi line 14.: F:/xampp/cgi-bin/read_order_form.cgi, referer: http://localhost/index.html
[Thu Mar 24 15:27:41.019428 2022] [cgi:error] [pid 19872:tid 1876] [client ::1:49834] AH01215: [Thu Mar 24 15:27:41 2022] read_order_form.cgi: Argument "" isn't numeric in multiplication (*) at F:/xampp/cgi-bin/read_order_form.cgi line 14.: F:/xampp/cgi-bin/read_order_form.cgi, referer: http://localhost/index.html
[Thu Mar 24 15:27:41.019428 2022] [cgi:error] [pid 19872:tid 1876] [client ::1:49834] AH01215: [Thu Mar 24 15:27:41 2022] read_order_form.cgi: Argument "" isn't numeric in multiplication (*) at F:/xampp/cgi-bin/read_order_form.cgi line 14.: F:/xampp/cgi-bin/read_order_form.cgi, referer: http://localhost/index.html
[Thu Mar 24 15:27:45.536200 2022] [cgi:error] [pid 19872:tid 1876] [client ::1:49834] AH01215: [Thu Mar 24 15:27:45 2022] read_order_form.cgi: Argument "" isn't numeric in multiplication (*) at F:/xampp/cgi-bin/read_order_form.cgi line 14.: F:/xampp/cgi-bin/read_order_form.cgi, referer: http://localhost/index.html
[Thu Mar 24 15:27:45.536200 2022] [cgi:error] [pid 19872:tid 1876] [client ::1:49834] AH01215: [Thu Mar 24 15:27:45 2022] read_order_form.cgi: Argument "" isn't numeric in multiplication (*) at F:/xampp/cgi-bin/read_order_form.cgi line 14.: F:/xampp/cgi-bin/read_order_form.cgi, referer: http://localhost/index.html
[Thu Mar 24 15:27:46.749200 2022] [cgi:error] [pid 19872:tid 1876] [client ::1:49834] AH01215: [Thu Mar 24 15:27:46 2022] read_order_form.cgi: Argument "" isn't numeric in multiplication (*) at F:/xampp/cgi-bin/read_order_form.cgi line 14.: F:/xampp/cgi-bin/read_order_form.cgi, referer: http://localhost/index.html
[Thu Mar 24 15:27:46.749200 2022] [cgi:error] [pid 19872:tid 1876] [client ::1:49834] AH01215: [Thu Mar 24 15:27:46 2022] read_order_form.cgi: Argument "" isn't numeric in multiplication (*) at F:/xampp/cgi-bin/read_order_form.cgi line 14.: F:/xampp/cgi-bin/read_order_form.cgi, referer: http://localhost/index.html
[Thu Mar 24 15:27:47.653201 2022] [cgi:error] [pid 19872:tid 1876] [client ::1:49834] AH01215: [Thu Mar 24 15:27:47 2022] read_order_form.cgi: Argument "" isn't numeric in multiplication (*) at F:/xampp/cgi-bin/read_order_form.cgi line 14.: F:/xampp/cgi-bin/read_order_form.cgi, referer: http://localhost/index.html
[Thu Mar 24 15:27:47.653201 2022] [cgi:error] [pid 19872:tid 1876] [client ::1:49834] AH01215: [Thu Mar 24 15:27:47 2022] read_order_form.cgi: Argument "" isn't numeric in multiplication (*) at F:/xampp/cgi-bin/read_order_form.cgi line 14.: F:/xampp/cgi-bin/read_order_form.cgi, referer: http://localhost/index.html
[Thu Mar 24 15:27:49.122199 2022] [cgi:error] [pid 19872:tid 1876] [client ::1:49834] AH01215: [Thu Mar 24 15:27:49 2022] read_order_form.cgi: Argument "" isn't numeric in multiplication (*) at F:/xampp/cgi-bin/read_order_form.cgi line 14.: F:/xampp/cgi-bin/read_order_form.cgi, referer: http://localhost/index.html
[Thu Mar 24 15:27:49.122199 2022] [cgi:error] [pid 19872:tid 1876] [client ::1:49834] AH01215: [Thu Mar 24 15:27:49 2022] read_order_form.cgi: Argument "" isn't numeric in multiplication (*) at F:/xampp/cgi-bin/read_order_form.cgi line 14.: F:/xampp/cgi-bin/read_order_form.cgi, referer: http://localhost/index.html
[Thu Mar 24 15:27:49.838200 2022] [cgi:error] [pid 19872:tid 1876] [client ::1:49834] AH01215: [Thu Mar 24 15:27:49 2022] read_order_form.cgi: Argument "" isn't numeric in multiplication (*) at F:/xampp/cgi-bin/read_order_form.cgi line 14.: F:/xampp/cgi-bin/read_order_form.cgi, referer: http://localhost/index.html
[Thu Mar 24 15:27:49.838200 2022] [cgi:error] [pid 19872:tid 1876] [client ::1:49834] AH01215: [Thu Mar 24 15:27:49 2022] read_order_form.cgi: Argument "" isn't numeric in multiplication (*) at F:/xampp/cgi-bin/read_order_form.cgi line 14.: F:/xampp/cgi-bin/read_order_form.cgi, referer: http://localhost/index.html
[Thu Mar 24 15:27:52.435823 2022] [cgi:error] [pid 19872:tid 1876] [client ::1:49834] AH01215: [Thu Mar 24 15:27:52 2022] read_order_form.cgi: Argument "" isn't numeric in multiplication (*) at F:/xampp/cgi-bin/read_order_form.cgi line 14.: F:/xampp/cgi-bin/read_order_form.cgi, referer: http://localhost/index.html
[Thu Mar 24 15:27:52.435823 2022] [cgi:error] [pid 19872:tid 1876] [client ::1:49834] AH01215: [Thu Mar 24 15:27:52 2022] read_order_form.cgi: Argument "" isn't numeric in multiplication (*) at F:/xampp/cgi-bin/read_order_form.cgi line 14.: F:/xampp/cgi-bin/read_order_form.cgi, referer: http://localhost/index.html
[Thu Mar 24 15:27:57.746381 2022] [cgi:error] [pid 19872:tid 1872] [client ::1:49835] AH01215: [Thu Mar 24 15:27:57 2022] read_order_form.cgi: Argument "" isn't numeric in multiplication (*) at F:/xampp/cgi-bin/read_order_form.cgi line 14.: F:/xampp/cgi-bin/read_order_form.cgi, referer: http://localhost/index.html
[Thu Mar 24 15:27:57.747380 2022] [cgi:error] [pid 19872:tid 1872] [client ::1:49835] AH01215: [Thu Mar 24 15:27:57 2022] read_order_form.cgi: Argument "" isn't numeric in multiplication (*) at F:/xampp/cgi-bin/read_order_form.cgi line 14.: F:/xampp/cgi-bin/read_order_form.cgi, referer: http://localhost/index.html
[Thu Mar 24 15:27:58.517383 2022] [cgi:error] [pid 19872:tid 1872] [client ::1:49835] AH01215: [Thu Mar 24 15:27:58 2022] read_order_form.cgi: Argument "" isn't numeric in multiplication (*) at F:/xampp/cgi-bin/read_order_form.cgi line 14.: F:/xampp/cgi-bin/read_order_form.cgi, referer: http://localhost/index.html
[Thu Mar 24 15:27:58.517383 2022] [cgi:error] [pid 19872:tid 1872] [client ::1:49835] AH01215: [Thu Mar 24 15:27:58 2022] read_order_form.cgi: Argument "" isn't numeric in multiplication (*) at F:/xampp/cgi-bin/read_order_form.cgi line 14.: F:/xampp/cgi-bin/read_order_form.cgi, referer: http://localhost/index.html
[Thu Mar 24 15:27:59.349383 2022] [cgi:error] [pid 19872:tid 1872] [client ::1:49835] AH01215: [Thu Mar 24 15:27:59 2022] read_order_form.cgi: Argument "" isn't numeric in multiplication (*) at F:/xampp/cgi-bin/read_order_form.cgi line 14.: F:/xampp/cgi-bin/read_order_form.cgi, referer: http://localhost/index.html
[Thu Mar 24 15:27:59.349383 2022] [cgi:error] [pid 19872:tid 1872] [client ::1:49835] AH01215: [Thu Mar 24 15:27:59 2022] read_order_form.cgi: Argument "" isn't numeric in multiplication (*) at F:/xampp/cgi-bin/read_order_form.cgi line 14.: F:/xampp/cgi-bin/read_order_form.cgi, referer: http://localhost/index.html
[Thu Mar 24 15:28:00.376383 2022] [cgi:error] [pid 19872:tid 1872] [client ::1:49835] AH01215: [Thu Mar 24 15:28:00 2022] read_order_form.cgi: Argument "" isn't numeric in multiplication (*) at F:/xampp/cgi-bin/read_order_form.cgi line 14.: F:/xampp/cgi-bin/read_order_form.cgi, referer: http://localhost/index.html
[Thu Mar 24 15:28:00.376383 2022] [cgi:error] [pid 19872:tid 1872] [client ::1:49835] AH01215: [Thu Mar 24 15:28:00 2022] read_order_form.cgi: Argument "" isn't numeric in multiplication (*) at F:/xampp/cgi-bin/read_order_form.cgi line 14.: F:/xampp/cgi-bin/read_order_form.cgi, referer: http://localhost/index.html
[Fri Mar 25 08:05:11.654501 2022] [ssl:warn] [pid 7748:tid 584] AH01909: www.example.com:443:0 server certificate does NOT include an ID which matches the server name
[Fri Mar 25 08:05:11.735501 2022] [core:warn] [pid 7748:tid 584] AH00098: pid file F:/xampp/apache/logs/httpd.pid overwritten -- Unclean shutdown of previous Apache run?
[Fri Mar 25 08:05:11.736501 2022] [ssl:warn] [pid 7748:tid 584] AH01909: www.example.com:443:0 server certificate does NOT include an ID which matches the server name
[Fri Mar 25 08:05:12.196501 2022] [mpm_winnt:notice] [pid 7748:tid 584] AH00455: Apache/2.4.52 (Win64) OpenSSL/1.1.1m PHP/7.4.28 configured -- resuming normal operations
[Fri Mar 25 08:05:12.196501 2022] [mpm_winnt:notice] [pid 7748:tid 584] AH00456: Apache Lounge VC15 Server built: Dec 23 2021 11:00:40
[Fri Mar 25 08:05:12.196501 2022] [core:notice] [pid 7748:tid 584] AH00094: Command line: 'f:\\xampp\\apache\\bin\\httpd.exe -d F:/xampp/apache'
[Fri Mar 25 08:05:12.198502 2022] [mpm_winnt:notice] [pid 7748:tid 584] AH00418: Parent: Created child process 19116
[Fri Mar 25 08:05:12.428501 2022] [ssl:warn] [pid 19116:tid 604] AH01909: www.example.com:443:0 server certificate does NOT include an ID which matches the server name
[Fri Mar 25 08:05:12.483501 2022] [ssl:warn] [pid 19116:tid 604] AH01909: www.example.com:443:0 server certificate does NOT include an ID which matches the server name
[Fri Mar 25 08:05:12.500502 2022] [mpm_winnt:notice] [pid 19116:tid 604] AH00354: Child: Starting 150 worker threads.
[Fri Mar 25 09:09:59.455460 2022] [mpm_winnt:crit] [pid 19116:tid 604] AH02538: Child: Parent process exited abruptly. Child process is ending
[Sat Apr 02 18:34:52.857338 2022] [ssl:warn] [pid 21000:tid 576] AH01909: www.example.com:443:0 server certificate does NOT include an ID which matches the server name
[Sat Apr 02 18:34:52.949334 2022] [core:warn] [pid 21000:tid 576] AH00098: pid file F:/xampp/apache/logs/httpd.pid overwritten -- Unclean shutdown of previous Apache run?
[Sat Apr 02 18:34:52.951335 2022] [ssl:warn] [pid 21000:tid 576] AH01909: www.example.com:443:0 server certificate does NOT include an ID which matches the server name
[Sat Apr 02 18:34:53.425369 2022] [mpm_winnt:notice] [pid 21000:tid 576] AH00455: Apache/2.4.52 (Win64) OpenSSL/1.1.1m PHP/7.4.28 configured -- resuming normal operations
[Sat Apr 02 18:34:53.425369 2022] [mpm_winnt:notice] [pid 21000:tid 576] AH00456: Apache Lounge VC15 Server built: Dec 23 2021 11:00:40
[Sat Apr 02 18:34:53.425369 2022] [core:notice] [pid 21000:tid 576] AH00094: Command line: 'f:\\xampp\\apache\\bin\\httpd.exe -d F:/xampp/apache'
[Sat Apr 02 18:34:53.428370 2022] [mpm_winnt:notice] [pid 21000:tid 576] AH00418: Parent: Created child process 1532
[Sat Apr 02 18:34:54.104370 2022] [ssl:warn] [pid 1532:tid 640] AH01909: www.example.com:443:0 server certificate does NOT include an ID which matches the server name
[Sat Apr 02 18:34:54.158370 2022] [ssl:warn] [pid 1532:tid 640] AH01909: www.example.com:443:0 server certificate does NOT include an ID which matches the server name
[Sat Apr 02 18:34:54.177370 2022] [mpm_winnt:notice] [pid 1532:tid 640] AH00354: Child: Starting 150 worker threads.
[Sat Apr 02 18:35:57.543035 2022] [cgi:error] [pid 1532:tid 1824] [client ::1:50615] AH02811: script not found or unable to stat: F:/xampp/cgi-bin/index.css, referer: http://localhost/cgi-bin/order1.cgi
[Sat Apr 02 18:38:33.969241 2022] [cgi:error] [pid 1532:tid 1828] [client ::1:50746] AH02811: script not found or unable to stat: F:/xampp/cgi-bin/index.css, referer: http://localhost/cgi-bin/order1.cgi
[Sat May 07 11:22:47.143598 2022] [ssl:warn] [pid 7212:tid 652] AH01909: www.example.com:443:0 server certificate does NOT include an ID which matches the server name
[Sat May 07 11:22:47.194649 2022] [core:warn] [pid 7212:tid 652] AH00098: pid file F:/xampp/apache/logs/httpd.pid overwritten -- Unclean shutdown of previous Apache run?
[Sat May 07 11:22:47.197650 2022] [ssl:warn] [pid 7212:tid 652] AH01909: www.example.com:443:0 server certificate does NOT include an ID which matches the server name
[Sat May 07 11:22:47.693676 2022] [mpm_winnt:notice] [pid 7212:tid 652] AH00455: Apache/2.4.52 (Win64) OpenSSL/1.1.1m PHP/7.4.28 configured -- resuming normal operations
[Sat May 07 11:22:47.693676 2022] [mpm_winnt:notice] [pid 7212:tid 652] AH00456: Apache Lounge VC15 Server built: Dec 23 2021 11:00:40
[Sat May 07 11:22:47.693676 2022] [core:notice] [pid 7212:tid 652] AH00094: Command line: 'f:\\xampp\\apache\\bin\\httpd.exe -d F:/xampp/apache'
[Sat May 07 11:22:47.700682 2022] [mpm_winnt:notice] [pid 7212:tid 652] AH00418: Parent: Created child process 12812
[Sat May 07 11:22:49.317971 2022] [ssl:warn] [pid 12812:tid 680] AH01909: www.example.com:443:0 server certificate does NOT include an ID which matches the server name
[Sat May 07 11:22:49.368057 2022] [ssl:warn] [pid 12812:tid 680] AH01909: www.example.com:443:0 server certificate does NOT include an ID which matches the server name
[Sat May 07 11:22:49.395082 2022] [mpm_winnt:notice] [pid 12812:tid 680] AH00354: Child: Starting 150 worker threads.
[Sat May 07 11:23:50.625887 2022] [cgi:error] [pid 12812:tid 1836] [client ::1:61168] AH02811: script not found or unable to stat: F:/xampp/cgi-bin/index.css, referer: http://localhost/cgi-bin/order1.cgi
[Sat May 07 11:27:06.832404 2022] [cgi:error] [pid 12812:tid 1848] [client ::1:61183] AH02811: script not found or unable to stat: F:/xampp/cgi-bin/index.css, referer: http://localhost/cgi-bin/order1.cgi
[Sat May 07 11:29:35.991714 2022] [cgi:error] [pid 12812:tid 1848] [client ::1:61188] AH02811: script not found or unable to stat: F:/xampp/cgi-bin/index.css, referer: http://localhost/cgi-bin/order1.cgi
[Sat May 07 11:31:47.395096 2022] [cgi:error] [pid 12812:tid 1836] [client ::1:61292] AH02811: script not found or unable to stat: F:/xampp/cgi-bin/index.css, referer: http://localhost/cgi-bin/order1.cgi
[Sat May 07 11:31:48.562157 2022] [cgi:error] [pid 12812:tid 1836] [client ::1:61292] AH02811: script not found or unable to stat: F:/xampp/cgi-bin/index.css, referer: http://localhost/cgi-bin/order1.cgi
[Sat May 07 11:31:48.736317 2022] [cgi:error] [pid 12812:tid 1836] [client ::1:61292] AH02811: script not found or unable to stat: F:/xampp/cgi-bin/index.css, referer: http://localhost/cgi-bin/order1.cgi
[Sat May 07 11:31:48.864434 2022] [cgi:error] [pid 12812:tid 1836] [client ::1:61292] AH02811: script not found or unable to stat: F:/xampp/cgi-bin/index.css, referer: http://localhost/cgi-bin/order1.cgi
[Sat May 07 11:39:00.459166 2022] [cgi:error] [pid 12812:tid 1848] [client ::1:54754] AH02811: script not found or unable to stat: F:/xampp/cgi-bin/index.css, referer: http://localhost/cgi-bin/order1.cgi
[Sat May 07 11:39:02.168949 2022] [cgi:error] [pid 12812:tid 1848] [client ::1:54754] AH02811: script not found or unable to stat: F:/xampp/cgi-bin/index.css, referer: http://localhost/cgi-bin/order1.cgi
[Sat May 07 11:42:41.469583 2022] [cgi:error] [pid 12812:tid 1848] [client ::1:54839] AH02811: script not found or unable to stat: F:/xampp/cgi-bin/img, referer: http://localhost/cgi-bin/order1.cgi
[Sat May 07 11:42:41.470584 2022] [cgi:error] [pid 12812:tid 1828] [client ::1:54840] AH02811: script not found or unable to stat: F:/xampp/cgi-bin/img, referer: http://localhost/cgi-bin/order1.cgi
[Sat May 07 11:42:41.511621 2022] [cgi:error] [pid 12812:tid 1836] [client ::1:54834] AH02811: script not found or unable to stat: F:/xampp/cgi-bin/index.css, referer: http://localhost/cgi-bin/order1.cgi
[Sat May 07 11:43:14.917185 2022] [win32:error] [pid 12812:tid 1828] [client ::1:54844] AH02102: F:/xampp/cgi-bin/img/banana.png is not executable; ensure interpreted scripts have "#!" or "'!" first line, referer: http://localhost/cgi-bin/order1.cgi
[Sat May 07 11:43:14.917185 2022] [cgi:error] [pid 12812:tid 1828] (9)Bad file descriptor: [client ::1:54844] AH01222: don't know how to spawn child process: F:/xampp/cgi-bin/img/banana.png, referer: http://localhost/cgi-bin/order1.cgi
[Sat May 07 11:43:14.917185 2022] [win32:error] [pid 12812:tid 1848] [client ::1:54845] AH02102: F:/xampp/cgi-bin/img/apple.jpg is not executable; ensure interpreted scripts have "#!" or "'!" first line, referer: http://localhost/cgi-bin/order1.cgi
[Sat May 07 11:43:14.917185 2022] [cgi:error] [pid 12812:tid 1848] (9)Bad file descriptor: [client ::1:54845] AH01222: don't know how to spawn child process: F:/xampp/cgi-bin/img/apple.jpg, referer: http://localhost/cgi-bin/order1.cgi
[Sat May 07 11:43:14.957221 2022] [cgi:error] [pid 12812:tid 1836] [client ::1:54843] AH02811: script not found or unable to stat: F:/xampp/cgi-bin/index.css, referer: http://localhost/cgi-bin/order1.cgi
[Sat May 07 11:43:15.671869 2022] [win32:error] [pid 12812:tid 1848] [client ::1:54846] AH02102: F:/xampp/cgi-bin/img/banana.png is not executable; ensure interpreted scripts have "#!" or "'!" first line, referer: http://localhost/cgi-bin/order1.cgi
[Sat May 07 11:43:15.671869 2022] [cgi:error] [pid 12812:tid 1848] (9)Bad file descriptor: [client ::1:54846] AH01222: don't know how to spawn child process: F:/xampp/cgi-bin/img/banana.png, referer: http://localhost/cgi-bin/order1.cgi
[Sat May 07 11:43:15.671869 2022] [win32:error] [pid 12812:tid 1828] [client ::1:54847] AH02102: F:/xampp/cgi-bin/img/apple.jpg is not executable; ensure interpreted scripts have "#!" or "'!" first line, referer: http://localhost/cgi-bin/order1.cgi
[Sat May 07 11:43:15.671869 2022] [cgi:error] [pid 12812:tid 1828] (9)Bad file descriptor: [client ::1:54847] AH01222: don't know how to spawn child process: F:/xampp/cgi-bin/img/apple.jpg, referer: http://localhost/cgi-bin/order1.cgi
[Sat May 07 11:43:15.705900 2022] [cgi:error] [pid 12812:tid 1836] [client ::1:54843] AH02811: script not found or unable to stat: F:/xampp/cgi-bin/index.css, referer: http://localhost/cgi-bin/order1.cgi
[Sat May 07 11:43:15.819003 2022] [win32:error] [pid 12812:tid 1828] [client ::1:54848] AH02102: F:/xampp/cgi-bin/img/banana.png is not executable; ensure interpreted scripts have "#!" or "'!" first line, referer: http://localhost/cgi-bin/order1.cgi
[Sat May 07 11:43:15.819003 2022] [cgi:error] [pid 12812:tid 1828] (9)Bad file descriptor: [client ::1:54848] AH01222: don't know how to spawn child process: F:/xampp/cgi-bin/img/banana.png, referer: http://localhost/cgi-bin/order1.cgi
[Sat May 07 11:43:15.819003 2022] [win32:error] [pid 12812:tid 1848] [client ::1:54849] AH02102: F:/xampp/cgi-bin/img/apple.jpg is not executable; ensure interpreted scripts have "#!" or "'!" first line, referer: http://localhost/cgi-bin/order1.cgi
[Sat May 07 11:43:15.819003 2022] [cgi:error] [pid 12812:tid 1848] (9)Bad file descriptor: [client ::1:54849] AH01222: don't know how to spawn child process: F:/xampp/cgi-bin/img/apple.jpg, referer: http://localhost/cgi-bin/order1.cgi
[Sat May 07 11:43:15.866045 2022] [cgi:error] [pid 12812:tid 1836] [client ::1:54843] AH02811: script not found or unable to stat: F:/xampp/cgi-bin/index.css, referer: http://localhost/cgi-bin/order1.cgi
[Sat May 07 11:43:15.965048 2022] [win32:error] [pid 12812:tid 1848] [client ::1:54850] AH02102: F:/xampp/cgi-bin/img/banana.png is not executable; ensure interpreted scripts have "#!" or "'!" first line, referer: http://localhost/cgi-bin/order1.cgi
[Sat May 07 11:43:15.965048 2022] [cgi:error] [pid 12812:tid 1848] (9)Bad file descriptor: [client ::1:54850] AH01222: don't know how to spawn child process: F:/xampp/cgi-bin/img/banana.png, referer: http://localhost/cgi-bin/order1.cgi
[Sat May 07 11:43:15.965048 2022] [win32:error] [pid 12812:tid 1828] [client ::1:54851] AH02102: F:/xampp/cgi-bin/img/apple.jpg is not executable; ensure interpreted scripts have "#!" or "'!" first line, referer: http://localhost/cgi-bin/order1.cgi
[Sat May 07 11:43:15.965048 2022] [cgi:error] [pid 12812:tid 1828] (9)Bad file descriptor: [client ::1:54851] AH01222: don't know how to spawn child process: F:/xampp/cgi-bin/img/apple.jpg, referer: http://localhost/cgi-bin/order1.cgi
[Sat May 07 11:43:16.010088 2022] [cgi:error] [pid 12812:tid 1836] [client ::1:54843] AH02811: script not found or unable to stat: F:/xampp/cgi-bin/index.css, referer: http://localhost/cgi-bin/order1.cgi
[Sat May 07 11:43:16.128196 2022] [win32:error] [pid 12812:tid 1848] [client ::1:54853] AH02102: F:/xampp/cgi-bin/img/apple.jpg is not executable; ensure interpreted scripts have "#!" or "'!" first line, referer: http://localhost/cgi-bin/order1.cgi
[Sat May 07 11:43:16.128196 2022] [cgi:error] [pid 12812:tid 1848] (9)Bad file descriptor: [client ::1:54853] AH01222: don't know how to spawn child process: F:/xampp/cgi-bin/img/apple.jpg, referer: http://localhost/cgi-bin/order1.cgi
[Sat May 07 11:43:16.128196 2022] [win32:error] [pid 12812:tid 1828] [client ::1:54852] AH02102: F:/xampp/cgi-bin/img/banana.png is not executable; ensure interpreted scripts have "#!" or "'!" first line, referer: http://localhost/cgi-bin/order1.cgi
[Sat May 07 11:43:16.128196 2022] [cgi:error] [pid 12812:tid 1828] (9)Bad file descriptor: [client ::1:54852] AH01222: don't know how to spawn child process: F:/xampp/cgi-bin/img/banana.png, referer: http://localhost/cgi-bin/order1.cgi
[Sat May 07 11:43:16.170236 2022] [cgi:error] [pid 12812:tid 1836] [client ::1:54843] AH02811: script not found or unable to stat: F:/xampp/cgi-bin/index.css, referer: http://localhost/cgi-bin/order1.cgi
[Sat May 07 11:43:16.269325 2022] [win32:error] [pid 12812:tid 1828] [client ::1:54854] AH02102: F:/xampp/cgi-bin/img/banana.png is not executable; ensure interpreted scripts have "#!" or "'!" first line, referer: http://localhost/cgi-bin/order1.cgi
[Sat May 07 11:43:16.269325 2022] [cgi:error] [pid 12812:tid 1828] (9)Bad file descriptor: [client ::1:54854] AH01222: don't know how to spawn child process: F:/xampp/cgi-bin/img/banana.png, referer: http://localhost/cgi-bin/order1.cgi
[Sat May 07 11:43:16.270325 2022] [win32:error] [pid 12812:tid 1848] [client ::1:54855] AH02102: F:/xampp/cgi-bin/img/apple.jpg is not executable; ensure interpreted scripts have "#!" or "'!" first line, referer: http://localhost/cgi-bin/order1.cgi
[Sat May 07 11:43:16.270325 2022] [cgi:error] [pid 12812:tid 1848] (9)Bad file descriptor: [client ::1:54855] AH01222: don't know how to spawn child process: F:/xampp/cgi-bin/img/apple.jpg, referer: http://localhost/cgi-bin/order1.cgi
[Sat May 07 11:43:16.310361 2022] [cgi:error] [pid 12812:tid 1836] [client ::1:54843] AH02811: script not found or unable to stat: F:/xampp/cgi-bin/index.css, referer: http://localhost/cgi-bin/order1.cgi
[Sat May 07 11:43:16.411454 2022] [win32:error] [pid 12812:tid 1848] [client ::1:54856] AH02102: F:/xampp/cgi-bin/img/banana.png is not executable; ensure interpreted scripts have "#!" or "'!" first line, referer: http://localhost/cgi-bin/order1.cgi
[Sat May 07 11:43:16.411454 2022] [win32:error] [pid 12812:tid 1828] [client ::1:54857] AH02102: F:/xampp/cgi-bin/img/apple.jpg is not executable; ensure interpreted scripts have "#!" or "'!" first line, referer: http://localhost/cgi-bin/order1.cgi
[Sat May 07 11:43:16.411454 2022] [cgi:error] [pid 12812:tid 1848] (9)Bad file descriptor: [client ::1:54856] AH01222: don't know how to spawn child process: F:/xampp/cgi-bin/img/banana.png, referer: http://localhost/cgi-bin/order1.cgi
[Sat May 07 11:43:16.411454 2022] [cgi:error] [pid 12812:tid 1828] (9)Bad file descriptor: [client ::1:54857] AH01222: don't know how to spawn child process: F:/xampp/cgi-bin/img/apple.jpg, referer: http://localhost/cgi-bin/order1.cgi
[Sat May 07 11:43:16.454492 2022] [cgi:error] [pid 12812:tid 1836] [client ::1:54843] AH02811: script not found or unable to stat: F:/xampp/cgi-bin/index.css, referer: http://localhost/cgi-bin/order1.cgi
[Sat May 07 11:43:16.548579 2022] [win32:error] [pid 12812:tid 1828] [client ::1:54858] AH02102: F:/xampp/cgi-bin/img/banana.png is not executable; ensure interpreted scripts have "#!" or "'!" first line, referer: http://localhost/cgi-bin/order1.cgi
[Sat May 07 11:43:16.548579 2022] [cgi:error] [pid 12812:tid 1828] (9)Bad file descriptor: [client ::1:54858] AH01222: don't know how to spawn child process: F:/xampp/cgi-bin/img/banana.png, referer: http://localhost/cgi-bin/order1.cgi
[Sat May 07 11:43:16.548579 2022] [win32:error] [pid 12812:tid 1848] [client ::1:54859] AH02102: F:/xampp/cgi-bin/img/apple.jpg is not executable; ensure interpreted scripts have "#!" or "'!" first line, referer: http://localhost/cgi-bin/order1.cgi
[Sat May 07 11:43:16.548579 2022] [cgi:error] [pid 12812:tid 1848] (9)Bad file descriptor: [client ::1:54859] AH01222: don't know how to spawn child process: F:/xampp/cgi-bin/img/apple.jpg, referer: http://localhost/cgi-bin/order1.cgi
[Sat May 07 11:43:16.582608 2022] [cgi:error] [pid 12812:tid 1836] [client ::1:54843] AH02811: script not found or unable to stat: F:/xampp/cgi-bin/index.css, referer: http://localhost/cgi-bin/order1.cgi
[Sat May 07 11:43:16.689706 2022] [win32:error] [pid 12812:tid 1848] [client ::1:54860] AH02102: F:/xampp/cgi-bin/img/banana.png is not executable; ensure interpreted scripts have "#!" or "'!" first line, referer: http://localhost/cgi-bin/order1.cgi
[Sat May 07 11:43:16.689706 2022] [cgi:error] [pid 12812:tid 1848] (9)Bad file descriptor: [client ::1:54860] AH01222: don't know how to spawn child process: F:/xampp/cgi-bin/img/banana.png, referer: http://localhost/cgi-bin/order1.cgi
[Sat May 07 11:43:16.690707 2022] [win32:error] [pid 12812:tid 1828] [client ::1:54861] AH02102: F:/xampp/cgi-bin/img/apple.jpg is not executable; ensure interpreted scripts have "#!" or "'!" first line, referer: http://localhost/cgi-bin/order1.cgi
[Sat May 07 11:43:16.690707 2022] [cgi:error] [pid 12812:tid 1828] (9)Bad file descriptor: [client ::1:54861] AH01222: don't know how to spawn child process: F:/xampp/cgi-bin/img/apple.jpg, referer: http://localhost/cgi-bin/order1.cgi
[Sat May 07 11:43:16.726740 2022] [cgi:error] [pid 12812:tid 1836] [client ::1:54843] AH02811: script not found or unable to stat: F:/xampp/cgi-bin/index.css, referer: http://localhost/cgi-bin/order1.cgi
[Sat May 07 11:43:16.827831 2022] [win32:error] [pid 12812:tid 1828] [client ::1:54862] AH02102: F:/xampp/cgi-bin/img/banana.png is not executable; ensure interpreted scripts have "#!" or "'!" first line, referer: http://localhost/cgi-bin/order1.cgi
[Sat May 07 11:43:16.827831 2022] [cgi:error] [pid 12812:tid 1828] (9)Bad file descriptor: [client ::1:54862] AH01222: don't know how to spawn child process: F:/xampp/cgi-bin/img/banana.png, referer: http://localhost/cgi-bin/order1.cgi
[Sat May 07 11:43:16.827831 2022] [win32:error] [pid 12812:tid 1848] [client ::1:54863] AH02102: F:/xampp/cgi-bin/img/apple.jpg is not executable; ensure interpreted scripts have "#!" or "'!" first line, referer: http://localhost/cgi-bin/order1.cgi
[Sat May 07 11:43:16.827831 2022] [cgi:error] [pid 12812:tid 1848] (9)Bad file descriptor: [client ::1:54863] AH01222: don't know how to spawn child process: F:/xampp/cgi-bin/img/apple.jpg, referer: http://localhost/cgi-bin/order1.cgi
[Sat May 07 11:43:16.870869 2022] [cgi:error] [pid 12812:tid 1836] [client ::1:54843] AH02811: script not found or unable to stat: F:/xampp/cgi-bin/index.css, referer: http://localhost/cgi-bin/order1.cgi
[Sat May 07 11:43:19.474232 2022] [win32:error] [pid 12812:tid 1828] [client ::1:54865] AH02102: F:/xampp/cgi-bin/img/apple.jpg is not executable; ensure interpreted scripts have "#!" or "'!" first line, referer: http://localhost/cgi-bin/order1.cgi
[Sat May 07 11:43:19.474232 2022] [win32:error] [pid 12812:tid 1848] [client ::1:54864] AH02102: F:/xampp/cgi-bin/img/banana.png is not executable; ensure interpreted scripts have "#!" or "'!" first line, referer: http://localhost/cgi-bin/order1.cgi
[Sat May 07 11:43:19.474232 2022] [cgi:error] [pid 12812:tid 1828] (9)Bad file descriptor: [client ::1:54865] AH01222: don't know how to spawn child process: F:/xampp/cgi-bin/img/apple.jpg, referer: http://localhost/cgi-bin/order1.cgi
[Sat May 07 11:43:19.474232 2022] [cgi:error] [pid 12812:tid 1848] (9)Bad file descriptor: [client ::1:54864] AH01222: don't know how to spawn child process: F:/xampp/cgi-bin/img/banana.png, referer: http://localhost/cgi-bin/order1.cgi
[Sat May 07 11:43:19.503258 2022] [cgi:error] [pid 12812:tid 1836] [client ::1:54843] AH02811: script not found or unable to stat: F:/xampp/cgi-bin/index.css, referer: http://localhost/cgi-bin/order1.cgi
[Sat May 07 11:43:20.417087 2022] [win32:error] [pid 12812:tid 1828] [client ::1:54866] AH02102: F:/xampp/cgi-bin/img/banana.png is not executable; ensure interpreted scripts have "#!" or "'!" first line, referer: http://localhost/cgi-bin/order1.cgi
[Sat May 07 11:43:20.417087 2022] [cgi:error] [pid 12812:tid 1828] (9)Bad file descriptor: [client ::1:54866] AH01222: don't know how to spawn child process: F:/xampp/cgi-bin/img/banana.png, referer: http://localhost/cgi-bin/order1.cgi
[Sat May 07 11:43:20.417087 2022] [win32:error] [pid 12812:tid 1848] [client ::1:54867] AH02102: F:/xampp/cgi-bin/img/apple.jpg is not executable; ensure interpreted scripts have "#!" or "'!" first line, referer: http://localhost/cgi-bin/order1.cgi
[Sat May 07 11:43:20.417087 2022] [cgi:error] [pid 12812:tid 1848] (9)Bad file descriptor: [client ::1:54867] AH01222: don't know how to spawn child process: F:/xampp/cgi-bin/img/apple.jpg, referer: http://localhost/cgi-bin/order1.cgi
[Sat May 07 11:43:20.444112 2022] [cgi:error] [pid 12812:tid 1836] [client ::1:54843] AH02811: script not found or unable to stat: F:/xampp/cgi-bin/index.css, referer: http://localhost/cgi-bin/order1.cgi
[Sat May 07 11:43:26.280434 2022] [cgi:error] [pid 12812:tid 1836] [client ::1:54868] AH02811: script not found or unable to stat: F:/xampp/cgi-bin/index.css, referer: http://localhost/cgi-bin/order1.cgi
[Sat May 07 11:43:29.649491 2022] [win32:error] [pid 12812:tid 1828] [client ::1:54872] AH02102: F:/xampp/cgi-bin/img/apple.jpg is not executable; ensure interpreted scripts have "#!" or "'!" first line, referer: http://localhost/cgi-bin/order1.cgi
[Sat May 07 11:43:29.649491 2022] [cgi:error] [pid 12812:tid 1828] (9)Bad file descriptor: [client ::1:54872] AH01222: don't know how to spawn child process: F:/xampp/cgi-bin/img/apple.jpg, referer: http://localhost/cgi-bin/order1.cgi
[Sat May 07 11:43:29.649491 2022] [win32:error] [pid 12812:tid 1848] [client ::1:54871] AH02102: F:/xampp/cgi-bin/img/banana.png is not executable; ensure interpreted scripts have "#!" or "'!" first line, referer: http://localhost/cgi-bin/order1.cgi
[Sat May 07 11:43:29.649491 2022] [cgi:error] [pid 12812:tid 1848] (9)Bad file descriptor: [client ::1:54871] AH01222: don't know how to spawn child process: F:/xampp/cgi-bin/img/banana.png, referer: http://localhost/cgi-bin/order1.cgi
[Sat May 07 11:43:29.692530 2022] [cgi:error] [pid 12812:tid 1836] [client ::1:54868] AH02811: script not found or unable to stat: F:/xampp/cgi-bin/index.css, referer: http://localhost/cgi-bin/order1.cgi
[Sat May 07 11:47:40.170167 2022] [win32:error] [pid 12812:tid 1848] [client ::1:55005] AH02102: F:/xampp/cgi-bin/img/banana.png is not executable; ensure interpreted scripts have "#!" or "'!" first line, referer: http://localhost/cgi-bin/order1.cgi
[Sat May 07 11:47:40.170167 2022] [cgi:error] [pid 12812:tid 1848] (9)Bad file descriptor: [client ::1:55005] AH01222: don't know how to spawn child process: F:/xampp/cgi-bin/img/banana.png, referer: http://localhost/cgi-bin/order1.cgi
[Sat May 07 11:47:40.170167 2022] [win32:error] [pid 12812:tid 1828] [client ::1:55006] AH02102: F:/xampp/cgi-bin/img/apple.jpg is not executable; ensure interpreted scripts have "#!" or "'!" first line, referer: http://localhost/cgi-bin/order1.cgi
[Sat May 07 11:47:40.170167 2022] [cgi:error] [pid 12812:tid 1828] (9)Bad file descriptor: [client ::1:55006] AH01222: don't know how to spawn child process: F:/xampp/cgi-bin/img/apple.jpg, referer: http://localhost/cgi-bin/order1.cgi
[Sat May 07 11:47:40.200194 2022] [cgi:error] [pid 12812:tid 1836] [client ::1:55004] AH02811: script not found or unable to stat: F:/xampp/cgi-bin/index.css, referer: http://localhost/cgi-bin/order1.cgi
[Sat May 07 11:47:40.692641 2022] [win32:error] [pid 12812:tid 1828] [client ::1:55007] AH02102: F:/xampp/cgi-bin/img/banana.png is not executable; ensure interpreted scripts have "#!" or "'!" first line, referer: http://localhost/cgi-bin/order1.cgi
[Sat May 07 11:47:40.692641 2022] [cgi:error] [pid 12812:tid 1828] (9)Bad file descriptor: [client ::1:55007] AH01222: don't know how to spawn child process: F:/xampp/cgi-bin/img/banana.png, referer: http://localhost/cgi-bin/order1.cgi
[Sat May 07 11:47:40.692641 2022] [win32:error] [pid 12812:tid 1848] [client ::1:55008] AH02102: F:/xampp/cgi-bin/img/apple.jpg is not executable; ensure interpreted scripts have "#!" or "'!" first line, referer: http://localhost/cgi-bin/order1.cgi
[Sat May 07 11:47:40.692641 2022] [cgi:error] [pid 12812:tid 1848] (9)Bad file descriptor: [client ::1:55008] AH01222: don't know how to spawn child process: F:/xampp/cgi-bin/img/apple.jpg, referer: http://localhost/cgi-bin/order1.cgi
[Sat May 07 11:47:40.727673 2022] [cgi:error] [pid 12812:tid 1836] [client ::1:55004] AH02811: script not found or unable to stat: F:/xampp/cgi-bin/index.css, referer: http://localhost/cgi-bin/order1.cgi
[Sat May 07 11:47:40.843778 2022] [win32:error] [pid 12812:tid 1848] [client ::1:55009] AH02102: F:/xampp/cgi-bin/img/banana.png is not executable; ensure interpreted scripts have "#!" or "'!" first line, referer: http://localhost/cgi-bin/order1.cgi
[Sat May 07 11:47:40.843778 2022] [cgi:error] [pid 12812:tid 1848] (9)Bad file descriptor: [client ::1:55009] AH01222: don't know how to spawn child process: F:/xampp/cgi-bin/img/banana.png, referer: http://localhost/cgi-bin/order1.cgi
[Sat May 07 11:47:40.843778 2022] [win32:error] [pid 12812:tid 1828] [client ::1:55010] AH02102: F:/xampp/cgi-bin/img/apple.jpg is not executable; ensure interpreted scripts have "#!" or "'!" first line, referer: http://localhost/cgi-bin/order1.cgi
[Sat May 07 11:47:40.843778 2022] [cgi:error] [pid 12812:tid 1828] (9)Bad file descriptor: [client ::1:55010] AH01222: don't know how to spawn child process: F:/xampp/cgi-bin/img/apple.jpg, referer: http://localhost/cgi-bin/order1.cgi
[Sat May 07 11:47:40.884815 2022] [cgi:error] [pid 12812:tid 1836] [client ::1:55004] AH02811: script not found or unable to stat: F:/xampp/cgi-bin/index.css, referer: http://localhost/cgi-bin/order1.cgi
[Sat May 07 11:48:39.391134 2022] [win32:error] [pid 12812:tid 1828] [client ::1:55037] AH02102: F:/xampp/cgi-bin/img/apple.jpg is not executable; ensure interpreted scripts have "#!" or "'!" first line, referer: http://localhost/cgi-bin/order1.cgi
[Sat May 07 11:48:39.391134 2022] [cgi:error] [pid 12812:tid 1828] (9)Bad file descriptor: [client ::1:55037] AH01222: don't know how to spawn child process: F:/xampp/cgi-bin/img/apple.jpg, referer: http://localhost/cgi-bin/order1.cgi
[Sat May 07 11:48:39.425165 2022] [cgi:error] [pid 12812:tid 1836] [client ::1:55036] AH02811: script not found or unable to stat: F:/xampp/cgi-bin/index.css, referer: http://localhost/cgi-bin/order1.cgi
[Sat May 07 11:49:47.407776 2022] [win32:error] [pid 12812:tid 1828] [client ::1:55070] AH02102: F:/xampp/cgi-bin/img/apple.jpg is not executable; ensure interpreted scripts have "#!" or "'!" first line, referer: http://localhost/cgi-bin/order1.cgi
[Sat May 07 11:49:47.407776 2022] [cgi:error] [pid 12812:tid 1828] (9)Bad file descriptor: [client ::1:55070] AH01222: don't know how to spawn child process: F:/xampp/cgi-bin/img/apple.jpg, referer: http://localhost/cgi-bin/order1.cgi
[Sat May 07 11:49:47.435802 2022] [cgi:error] [pid 12812:tid 1836] [client ::1:55069] AH02811: script not found or unable to stat: F:/xampp/cgi-bin/index.css, referer: http://localhost/cgi-bin/order1.cgi
[Sat May 07 11:52:18.441699 2022] [win32:error] [pid 12812:tid 1828] [client ::1:54320] AH02102: F:/xampp/cgi-bin/img/apple.jpg is not executable; ensure interpreted scripts have "#!" or "'!" first line, referer: http://localhost/cgi-bin/order1.cgi
[Sat May 07 11:52:18.441699 2022] [cgi:error] [pid 12812:tid 1828] (9)Bad file descriptor: [client ::1:54320] AH01222: don't know how to spawn child process: F:/xampp/cgi-bin/img/apple.jpg, referer: http://localhost/cgi-bin/order1.cgi
[Sat May 07 11:52:18.478733 2022] [cgi:error] [pid 12812:tid 1836] [client ::1:54319] AH02811: script not found or unable to stat: F:/xampp/cgi-bin/index.css, referer: http://localhost/cgi-bin/order1.cgi
[Sat May 07 11:52:18.976184 2022] [win32:error] [pid 12812:tid 1828] [client ::1:54321] AH02102: F:/xampp/cgi-bin/img/apple.jpg is not executable; ensure interpreted scripts have "#!" or "'!" first line, referer: http://localhost/cgi-bin/order1.cgi
[Sat May 07 11:52:18.976184 2022] [cgi:error] [pid 12812:tid 1828] (9)Bad file descriptor: [client ::1:54321] AH01222: don't know how to spawn child process: F:/xampp/cgi-bin/img/apple.jpg, referer: http://localhost/cgi-bin/order1.cgi
[Sat May 07 11:52:19.019223 2022] [cgi:error] [pid 12812:tid 1836] [client ::1:54319] AH02811: script not found or unable to stat: F:/xampp/cgi-bin/index.css, referer: http://localhost/cgi-bin/order1.cgi
[Sat May 07 11:52:19.143640 2022] [win32:error] [pid 12812:tid 1828] [client ::1:54322] AH02102: F:/xampp/cgi-bin/img/apple.jpg is not executable; ensure interpreted scripts have "#!" or "'!" first line, referer: http://localhost/cgi-bin/order1.cgi
[Sat May 07 11:52:19.143640 2022] [cgi:error] [pid 12812:tid 1828] (9)Bad file descriptor: [client ::1:54322] AH01222: don't know how to spawn child process: F:/xampp/cgi-bin/img/apple.jpg, referer: http://localhost/cgi-bin/order1.cgi
[Sat May 07 11:52:19.178671 2022] [cgi:error] [pid 12812:tid 1836] [client ::1:54319] AH02811: script not found or unable to stat: F:/xampp/cgi-bin/index.css, referer: http://localhost/cgi-bin/order1.cgi
[Sat May 07 11:53:31.566639 2022] [win32:error] [pid 12812:tid 1828] [client ::1:54356] AH02102: F:/xampp/cgi-bin/img/apple.jpg is not executable; ensure interpreted scripts have "#!" or "'!" first line, referer: http://localhost/cgi-bin/order1.cgi
[Sat May 07 11:53:31.566639 2022] [cgi:error] [pid 12812:tid 1828] (9)Bad file descriptor: [client ::1:54356] AH01222: don't know how to spawn child process: F:/xampp/cgi-bin/img/apple.jpg, referer: http://localhost/cgi-bin/order1.cgi
[Sat May 07 11:53:31.601670 2022] [cgi:error] [pid 12812:tid 1836] [client ::1:54355] AH02811: script not found or unable to stat: F:/xampp/cgi-bin/index.css, referer: http://localhost/cgi-bin/order1.cgi
[Sat May 07 11:53:32.254262 2022] [win32:error] [pid 12812:tid 1828] [client ::1:54357] AH02102: F:/xampp/cgi-bin/img/apple.jpg is not executable; ensure interpreted scripts have "#!" or "'!" first line, referer: http://localhost/cgi-bin/order1.cgi
[Sat May 07 11:53:32.254262 2022] [cgi:error] [pid 12812:tid 1828] (9)Bad file descriptor: [client ::1:54357] AH01222: don't know how to spawn child process: F:/xampp/cgi-bin/img/apple.jpg, referer: http://localhost/cgi-bin/order1.cgi
[Sat May 07 11:53:32.290295 2022] [cgi:error] [pid 12812:tid 1836] [client ::1:54355] AH02811: script not found or unable to stat: F:/xampp/cgi-bin/index.css, referer: http://localhost/cgi-bin/order1.cgi
[Sat May 07 11:53:44.874834 2022] [win32:error] [pid 12812:tid 1828] [client ::1:54365] AH02102: F:/xampp/cgi-bin/img/apple.jpg is not executable; ensure interpreted scripts have "#!" or "'!" first line, referer: http://localhost/cgi-bin/order1.cgi
[Sat May 07 11:53:44.874834 2022] [cgi:error] [pid 12812:tid 1828] (9)Bad file descriptor: [client ::1:54365] AH01222: don't know how to spawn child process: F:/xampp/cgi-bin/img/apple.jpg, referer: http://localhost/cgi-bin/order1.cgi
[Sat May 07 11:53:44.902859 2022] [cgi:error] [pid 12812:tid 1836] [client ::1:54364] AH02811: script not found or unable to stat: F:/xampp/cgi-bin/index.css, referer: http://localhost/cgi-bin/order1.cgi
[Sat May 07 11:53:54.653265 2022] [win32:error] [pid 12812:tid 1836] [client ::1:54372] AH02102: F:/xampp/cgi-bin/img/apple.jpg is not executable; ensure interpreted scripts have "#!" or "'!" first line, referer: http://localhost/cgi-bin/order1.cgi
[Sat May 07 11:53:54.653265 2022] [cgi:error] [pid 12812:tid 1836] (9)Bad file descriptor: [client ::1:54372] AH01222: don't know how to spawn child process: F:/xampp/cgi-bin/img/apple.jpg, referer: http://localhost/cgi-bin/order1.cgi
[Sat May 07 11:53:54.687296 2022] [cgi:error] [pid 12812:tid 1828] [client ::1:54367] AH02811: script not found or unable to stat: F:/xampp/cgi-bin/index.css, referer: http://localhost/cgi-bin/order1.cgi
[Sat May 07 11:59:24.909040 2022] [cgi:error] [pid 12812:tid 1836] [client ::1:54542] AH02811: script not found or unable to stat: F:/xampp/cgi-bin/banana.png, referer: http://localhost/cgi-bin/order1.cgi
[Sat May 07 11:59:24.909040 2022] [win32:error] [pid 12812:tid 1848] [client ::1:54543] AH02102: F:/xampp/cgi-bin/img/apple.jpg is not executable; ensure interpreted scripts have "#!" or "'!" first line, referer: http://localhost/cgi-bin/order1.cgi
[Sat May 07 11:59:24.909040 2022] [cgi:error] [pid 12812:tid 1848] (9)Bad file descriptor: [client ::1:54543] AH01222: don't know how to spawn child process: F:/xampp/cgi-bin/img/apple.jpg, referer: http://localhost/cgi-bin/order1.cgi
[Sat May 07 11:59:24.947691 2022] [cgi:error] [pid 12812:tid 1828] [client ::1:54541] AH02811: script not found or unable to stat: F:/xampp/cgi-bin/index.css, referer: http://localhost/cgi-bin/order1.cgi
[Sat May 07 11:59:26.113778 2022] [cgi:error] [pid 12812:tid 1836] [client ::1:54542] AH02811: script not found or unable to stat: F:/xampp/cgi-bin/banana.png, referer: http://localhost/cgi-bin/order1.cgi
[Sat May 07 11:59:26.113778 2022] [win32:error] [pid 12812:tid 1848] [client ::1:54545] AH02102: F:/xampp/cgi-bin/img/apple.jpg is not executable; ensure interpreted scripts have "#!" or "'!" first line, referer: http://localhost/cgi-bin/order1.cgi
[Sat May 07 11:59:26.113778 2022] [cgi:error] [pid 12812:tid 1848] (9)Bad file descriptor: [client ::1:54545] AH01222: don't know how to spawn child process: F:/xampp/cgi-bin/img/apple.jpg, referer: http://localhost/cgi-bin/order1.cgi
[Sat May 07 11:59:26.140803 2022] [cgi:error] [pid 12812:tid 1828] [client ::1:54541] AH02811: script not found or unable to stat: F:/xampp/cgi-bin/index.css, referer: http://localhost/cgi-bin/order1.cgi
[Sat May 07 11:59:31.719789 2022] [cgi:error] [pid 12812:tid 1828] [client ::1:54548] AH02811: script not found or unable to stat: F:/xampp/cgi-bin/banana.png
[Sat May 07 11:59:49.235367 2022] [win32:error] [pid 12812:tid 1836] [client ::1:54549] AH02102: F:/xampp/cgi-bin/banana.png is not executable; ensure interpreted scripts have "#!" or "'!" first line
[Sat May 07 11:59:49.235367 2022] [cgi:error] [pid 12812:tid 1836] (9)Bad file descriptor: [client ::1:54549] AH01222: don't know how to spawn child process: F:/xampp/cgi-bin/banana.png
[Sat May 07 12:00:14.764469 2022] [win32:error] [pid 12812:tid 1828] [client ::1:54559] AH02102: F:/xampp/cgi-bin/img/banana.png is not executable; ensure interpreted scripts have "#!" or "'!" first line
[Sat May 07 12:00:14.764469 2022] [cgi:error] [pid 12812:tid 1828] (9)Bad file descriptor: [client ::1:54559] AH01222: don't know how to spawn child process: F:/xampp/cgi-bin/img/banana.png
[Sat May 07 12:01:44.646575 2022] [win32:error] [pid 12812:tid 1828] [client ::1:54625] AH02102: F:/xampp/cgi-bin/img/banana.png is not executable; ensure interpreted scripts have "#!" or "'!" first line
[Sat May 07 12:01:44.646575 2022] [cgi:error] [pid 12812:tid 1828] (9)Bad file descriptor: [client ::1:54625] AH01222: don't know how to spawn child process: F:/xampp/cgi-bin/img/banana.png
[Sat May 07 12:01:50.753481 2022] [cgi:error] [pid 12812:tid 1828] [client ::1:54629] AH02811: script not found or unable to stat: F:/xampp/cgi-bin/localhost, referer: http://localhost/cgi-bin/order1.cgi
[Sat May 07 12:01:50.753481 2022] [win32:error] [pid 12812:tid 1848] [client ::1:54631] AH02102: F:/xampp/cgi-bin/img/apple.jpg is not executable; ensure interpreted scripts have "#!" or "'!" first line, referer: http://localhost/cgi-bin/order1.cgi
[Sat May 07 12:01:50.754481 2022] [cgi:error] [pid 12812:tid 1848] (9)Bad file descriptor: [client ::1:54631] AH01222: don't know how to spawn child process: F:/xampp/cgi-bin/img/apple.jpg, referer: http://localhost/cgi-bin/order1.cgi
[Sat May 07 12:01:50.795519 2022] [cgi:error] [pid 12812:tid 1836] [client ::1:54626] AH02811: script not found or unable to stat: F:/xampp/cgi-bin/index.css, referer: http://localhost/cgi-bin/order1.cgi
[Sat May 07 12:01:51.974921 2022] [cgi:error] [pid 12812:tid 1828] [client ::1:54629] AH02811: script not found or unable to stat: F:/xampp/cgi-bin/localhost, referer: http://localhost/cgi-bin/order1.cgi
[Sat May 07 12:01:51.974921 2022] [win32:error] [pid 12812:tid 1848] [client ::1:54633] AH02102: F:/xampp/cgi-bin/img/apple.jpg is not executable; ensure interpreted scripts have "#!" or "'!" first line, referer: http://localhost/cgi-bin/order1.cgi
[Sat May 07 12:01:51.974921 2022] [cgi:error] [pid 12812:tid 1848] (9)Bad file descriptor: [client ::1:54633] AH01222: don't know how to spawn child process: F:/xampp/cgi-bin/img/apple.jpg, referer: http://localhost/cgi-bin/order1.cgi
[Sat May 07 12:01:52.005949 2022] [cgi:error] [pid 12812:tid 1836] [client ::1:54626] AH02811: script not found or unable to stat: F:/xampp/cgi-bin/index.css, referer: http://localhost/cgi-bin/order1.cgi
[Sat May 07 12:01:53.414408 2022] [cgi:error] [pid 12812:tid 1828] [client ::1:54629] AH02811: script not found or unable to stat: F:/xampp/cgi-bin/localhost, referer: http://localhost/cgi-bin/order1.cgi
[Sat May 07 12:01:53.414408 2022] [win32:error] [pid 12812:tid 1848] [client ::1:54634] AH02102: F:/xampp/cgi-bin/img/apple.jpg is not executable; ensure interpreted scripts have "#!" or "'!" first line, referer: http://localhost/cgi-bin/order1.cgi
[Sat May 07 12:01:53.414408 2022] [cgi:error] [pid 12812:tid 1848] (9)Bad file descriptor: [client ::1:54634] AH01222: don't know how to spawn child process: F:/xampp/cgi-bin/img/apple.jpg, referer: http://localhost/cgi-bin/order1.cgi
[Sat May 07 12:01:53.453443 2022] [cgi:error] [pid 12812:tid 1836] [client ::1:54626] AH02811: script not found or unable to stat: F:/xampp/cgi-bin/index.css, referer: http://localhost/cgi-bin/order1.cgi
[Sat May 07 12:02:46.881351 2022] [win32:error] [pid 12812:tid 1848] [client ::1:54665] AH02102: F:/xampp/cgi-bin/img/apple.jpg is not executable; ensure interpreted scripts have "#!" or "'!" first line, referer: http://localhost/cgi-bin/order1.cgi
[Sat May 07 12:02:46.881351 2022] [cgi:error] [pid 12812:tid 1848] (9)Bad file descriptor: [client ::1:54665] AH01222: don't know how to spawn child process: F:/xampp/cgi-bin/img/apple.jpg, referer: http://localhost/cgi-bin/order1.cgi
[Sat May 07 12:02:46.881351 2022] [win32:error] [pid 12812:tid 1828] [client ::1:54664] AH02102: F:/xampp/cgi-bin/banana.png is not executable; ensure interpreted scripts have "#!" or "'!" first line, referer: http://localhost/cgi-bin/order1.cgi
[Sat May 07 12:02:46.881351 2022] [cgi:error] [pid 12812:tid 1828] (9)Bad file descriptor: [client ::1:54664] AH01222: don't know how to spawn child process: F:/xampp/cgi-bin/banana.png, referer: http://localhost/cgi-bin/order1.cgi
[Sat May 07 12:02:46.914381 2022] [cgi:error] [pid 12812:tid 1836] [client ::1:54663] AH02811: script not found or unable to stat: F:/xampp/cgi-bin/index.css, referer: http://localhost/cgi-bin/order1.cgi
[Sat May 07 12:02:47.647387 2022] [win32:error] [pid 12812:tid 1828] [client ::1:54666] AH02102: F:/xampp/cgi-bin/banana.png is not executable; ensure interpreted scripts have "#!" or "'!" first line, referer: http://localhost/cgi-bin/order1.cgi
[Sat May 07 12:02:47.647387 2022] [cgi:error] [pid 12812:tid 1828] (9)Bad file descriptor: [client ::1:54666] AH01222: don't know how to spawn child process: F:/xampp/cgi-bin/banana.png, referer: http://localhost/cgi-bin/order1.cgi
[Sat May 07 12:02:47.647387 2022] [win32:error] [pid 12812:tid 1848] [client ::1:54667] AH02102: F:/xampp/cgi-bin/img/apple.jpg is not executable; ensure interpreted scripts have "#!" or "'!" first line, referer: http://localhost/cgi-bin/order1.cgi
[Sat May 07 12:02:47.647387 2022] [cgi:error] [pid 12812:tid 1848] (9)Bad file descriptor: [client ::1:54667] AH01222: don't know how to spawn child process: F:/xampp/cgi-bin/img/apple.jpg, referer: http://localhost/cgi-bin/order1.cgi
[Sat May 07 12:02:47.678416 2022] [cgi:error] [pid 12812:tid 1836] [client ::1:54663] AH02811: script not found or unable to stat: F:/xampp/cgi-bin/index.css, referer: http://localhost/cgi-bin/order1.cgi
[Sat May 07 12:04:25.185104 2022] [cgi:error] [pid 12812:tid 1848] [client ::1:54718] AH02811: script not found or unable to stat: F:/xampp/htdocs/cgi-bin, referer: http://localhost/cgi-bin/order1.cgi
[Sat May 07 12:04:25.185104 2022] [win32:error] [pid 12812:tid 1828] [client ::1:54719] AH02102: F:/xampp/cgi-bin/img/apple.jpg is not executable; ensure interpreted scripts have "#!" or "'!" first line, referer: http://localhost/cgi-bin/order1.cgi
[Sat May 07 12:04:25.185104 2022] [cgi:error] [pid 12812:tid 1828] (9)Bad file descriptor: [client ::1:54719] AH01222: don't know how to spawn child process: F:/xampp/cgi-bin/img/apple.jpg, referer: http://localhost/cgi-bin/order1.cgi
[Sat May 07 12:04:25.215987 2022] [cgi:error] [pid 12812:tid 1836] [client ::1:54717] AH02811: script not found or unable to stat: F:/xampp/cgi-bin/index.css, referer: http://localhost/cgi-bin/order1.cgi
[Sat May 07 12:04:53.510988 2022] [win32:error] [pid 12812:tid 1828] [client ::1:54734] AH02102: F:/xampp/cgi-bin/img/apple.jpg is not executable; ensure interpreted scripts have "#!" or "'!" first line, referer: http://localhost/cgi-bin/order1.cgi
[Sat May 07 12:04:53.510988 2022] [cgi:error] [pid 12812:tid 1828] (9)Bad file descriptor: [client ::1:54734] AH01222: don't know how to spawn child process: F:/xampp/cgi-bin/img/apple.jpg, referer: http://localhost/cgi-bin/order1.cgi
[Sat May 07 12:04:53.548451 2022] [cgi:error] [pid 12812:tid 1836] [client ::1:54732] AH02811: script not found or unable to stat: F:/xampp/cgi-bin/index.css, referer: http://localhost/cgi-bin/order1.cgi
[Sat May 07 12:07:14.280083 2022] [win32:error] [pid 12812:tid 1836] [client ::1:54806] AH02102: F:/xampp/cgi-bin/img/apple.jpg is not executable; ensure interpreted scripts have "#!" or "'!" first line, referer: http://localhost/cgi-bin/order1.cgi
[Sat May 07 12:07:14.280083 2022] [cgi:error] [pid 12812:tid 1836] (9)Bad file descriptor: [client ::1:54806] AH01222: don't know how to spawn child process: F:/xampp/cgi-bin/img/apple.jpg, referer: http://localhost/cgi-bin/order1.cgi
[Sat May 07 12:07:14.310110 2022] [cgi:error] [pid 12812:tid 1848] [client ::1:54805] AH02811: script not found or unable to stat: F:/xampp/cgi-bin/index.css, referer: http://localhost/cgi-bin/order1.cgi
[Sat May 07 12:08:23.701152 2022] [cgi:error] [pid 12812:tid 1848] [client ::1:54839] AH02811: script not found or unable to stat: F:/xampp/cgi-bin/index.css, referer: http://localhost/cgi-bin/order1.cgi
[Sat May 07 12:08:25.728665 2022] [cgi:error] [pid 12812:tid 1848] [client ::1:54839] AH02811: script not found or unable to stat: F:/xampp/cgi-bin/index.css, referer: http://localhost/cgi-bin/order1.cgi
[Sat May 07 12:08:26.063969 2022] [cgi:error] [pid 12812:tid 1848] [client ::1:54839] AH02811: script not found or unable to stat: F:/xampp/cgi-bin/index.css, referer: http://localhost/cgi-bin/order1.cgi
[Sat May 07 12:08:26.352232 2022] [cgi:error] [pid 12812:tid 1848] [client ::1:54839] AH02811: script not found or unable to stat: F:/xampp/cgi-bin/index.css, referer: http://localhost/cgi-bin/order1.cgi
[Sat May 07 12:08:26.655941 2022] [cgi:error] [pid 12812:tid 1848] [client ::1:54839] AH02811: script not found or unable to stat: F:/xampp/cgi-bin/index.css, referer: http://localhost/cgi-bin/order1.cgi
[Sat May 07 12:08:26.912172 2022] [cgi:error] [pid 12812:tid 1848] [client ::1:54839] AH02811: script not found or unable to stat: F:/xampp/cgi-bin/index.css, referer: http://localhost/cgi-bin/order1.cgi
[Sat May 07 12:08:27.215951 2022] [cgi:error] [pid 12812:tid 1848] [client ::1:54839] AH02811: script not found or unable to stat: F:/xampp/cgi-bin/index.css, referer: http://localhost/cgi-bin/order1.cgi
[Sat May 07 12:08:27.534148 2022] [cgi:error] [pid 12812:tid 1848] [client ::1:54839] AH02811: script not found or unable to stat: F:/xampp/cgi-bin/index.css, referer: http://localhost/cgi-bin/order1.cgi
[Sat May 07 12:08:46.064197 2022] [cgi:error] [pid 12812:tid 1848] [client ::1:54850] AH02811: script not found or unable to stat: F:/xampp/cgi-bin/index.css, referer: http://localhost/cgi-bin/order1.cgi
[Sat May 07 12:09:28.425510 2022] [cgi:error] [pid 12812:tid 1836] [client ::1:54851] AH02811: script not found or unable to stat: F:/xampp/cgi-bin/index.css, referer: http://localhost/cgi-bin/order1.cgi
[Sat May 07 12:12:58.311803 2022] [cgi:error] [pid 12812:tid 1848] [client ::1:55007] AH01215: [Sat May  7 12:12:58 2022] order1.cgi: Global symbol "$num" requires explicit package name (did you forget to declare "my $num"?) at F:/xampp/cgi-bin/order1.cgi line 7.: F:/xampp/cgi-bin/order1.cgi, referer: http://localhost/index.html
[Sat May 07 12:12:58.311803 2022] [cgi:error] [pid 12812:tid 1848] [client ::1:55007] AH01215: [Sat May  7 12:12:58 2022] order1.cgi: Global symbol "$num" requires explicit package name (did you forget to declare "my $num"?) at F:/xampp/cgi-bin/order1.cgi line 66.: F:/xampp/cgi-bin/order1.cgi, referer: http://localhost/index.html
[Sat May 07 12:12:58.311803 2022] [cgi:error] [pid 12812:tid 1848] [client ::1:55007] AH01215: [Sat May  7 12:12:58 2022] order1.cgi: Execution of F:/xampp/cgi-bin/order1.cgi aborted due to compilation errors.: F:/xampp/cgi-bin/order1.cgi, referer: http://localhost/index.html
[Sat May 07 12:13:49.915654 2022] [cgi:error] [pid 12812:tid 1836] [client ::1:55008] AH02811: script not found or unable to stat: F:/xampp/cgi-bin/index.css, referer: http://localhost/cgi-bin/order1.cgi
[Sat May 07 12:39:17.398442 2022] [cgi:error] [pid 12812:tid 1836] [client ::1:63548] AH02811: script not found or unable to stat: F:/xampp/cgi-bin/index.css, referer: http://localhost/cgi-bin/order1.cgi
[Sat May 07 12:39:19.007903 2022] [cgi:error] [pid 12812:tid 1836] [client ::1:63548] AH02811: script not found or unable to stat: F:/xampp/cgi-bin/index.css, referer: http://localhost/cgi-bin/order1.cgi
[Sat May 07 12:39:19.598439 2022] [cgi:error] [pid 12812:tid 1836] [client ::1:63548] AH02811: script not found or unable to stat: F:/xampp/cgi-bin/index.css, referer: http://localhost/cgi-bin/order1.cgi
[Sat May 07 12:39:19.964772 2022] [cgi:error] [pid 12812:tid 1836] [client ::1:63548] AH02811: script not found or unable to stat: F:/xampp/cgi-bin/index.css, referer: http://localhost/cgi-bin/order1.cgi
[Sat May 07 12:39:20.477235 2022] [cgi:error] [pid 12812:tid 1836] [client ::1:63548] AH02811: script not found or unable to stat: F:/xampp/cgi-bin/index.css, referer: http://localhost/cgi-bin/order1.cgi
[Sat May 07 12:39:20.841566 2022] [cgi:error] [pid 12812:tid 1836] [client ::1:63548] AH02811: script not found or unable to stat: F:/xampp/cgi-bin/index.css, referer: http://localhost/cgi-bin/order1.cgi
[Sat May 07 12:39:21.287008 2022] [cgi:error] [pid 12812:tid 1836] [client ::1:63548] AH02811: script not found or unable to stat: F:/xampp/cgi-bin/index.css, referer: http://localhost/cgi-bin/order1.cgi
[Sat May 07 12:39:22.384003 2022] [cgi:error] [pid 12812:tid 1836] [client ::1:63548] AH02811: script not found or unable to stat: F:/xampp/cgi-bin/index.css, referer: http://localhost/cgi-bin/order1.cgi
[Sat May 07 12:39:22.751569 2022] [cgi:error] [pid 12812:tid 1836] [client ::1:63548] AH02811: script not found or unable to stat: F:/xampp/cgi-bin/index.css, referer: http://localhost/cgi-bin/order1.cgi
[Sat May 07 12:43:19.048955 2022] [cgi:error] [pid 12812:tid 1828] [client ::1:61926] AH01215: [Sat May  7 12:43:19 2022] order1.cgi: Global symbol "$num" requires explicit package name (did you forget to declare "my $num"?) at F:/xampp/cgi-bin/order1.cgi line 7.: F:/xampp/cgi-bin/order1.cgi, referer: http://localhost/cgi-bin/order1.cgi
[Sat May 07 12:43:19.048955 2022] [cgi:error] [pid 12812:tid 1828] [client ::1:61926] AH01215: [Sat May  7 12:43:19 2022] order1.cgi: Global symbol "$num" requires explicit package name (did you forget to declare "my $num"?) at F:/xampp/cgi-bin/order1.cgi line 8.: F:/xampp/cgi-bin/order1.cgi, referer: http://localhost/cgi-bin/order1.cgi
[Sat May 07 12:43:19.048955 2022] [cgi:error] [pid 12812:tid 1828] [client ::1:61926] AH01215: [Sat May  7 12:43:19 2022] order1.cgi: Global symbol "$num" requires explicit package name (did you forget to declare "my $num"?) at F:/xampp/cgi-bin/order1.cgi line 8.: F:/xampp/cgi-bin/order1.cgi, referer: http://localhost/cgi-bin/order1.cgi
[Sat May 07 12:43:19.048955 2022] [cgi:error] [pid 12812:tid 1828] [client ::1:61926] AH01215: [Sat May  7 12:43:19 2022] order1.cgi: Global symbol "$num" requires explicit package name (did you forget to declare "my $num"?) at F:/xampp/cgi-bin/order1.cgi line 10.: F:/xampp/cgi-bin/order1.cgi, referer: http://localhost/cgi-bin/order1.cgi
[Sat May 07 12:43:19.048955 2022] [cgi:error] [pid 12812:tid 1828] [client ::1:61926] AH01215: [Sat May  7 12:43:19 2022] order1.cgi: Global symbol "$num" requires explicit package name (did you forget to declare "my $num"?) at F:/xampp/cgi-bin/order1.cgi line 67.: F:/xampp/cgi-bin/order1.cgi, referer: http://localhost/cgi-bin/order1.cgi
[Sat May 07 12:43:19.049974 2022] [cgi:error] [pid 12812:tid 1828] [client ::1:61926] AH01215: [Sat May  7 12:43:19 2022] order1.cgi: Execution of F:/xampp/cgi-bin/order1.cgi aborted due to compilation errors.: F:/xampp/cgi-bin/order1.cgi, referer: http://localhost/cgi-bin/order1.cgi
[Sat May 07 12:43:39.161999 2022] [cgi:error] [pid 12812:tid 1836] [client ::1:61927] AH01215: [Sat May  7 12:43:39 2022] order1.cgi: Global symbol "$num" requires explicit package name (did you forget to declare "my $num"?) at F:/xampp/cgi-bin/order1.cgi line 7.: F:/xampp/cgi-bin/order1.cgi, referer: http://localhost/cgi-bin/order1.cgi
[Sat May 07 12:43:39.161999 2022] [cgi:error] [pid 12812:tid 1836] [client ::1:61927] AH01215: [Sat May  7 12:43:39 2022] order1.cgi: Global symbol "$num" requires explicit package name (did you forget to declare "my $num"?) at F:/xampp/cgi-bin/order1.cgi line 8.: F:/xampp/cgi-bin/order1.cgi, referer: http://localhost/cgi-bin/order1.cgi
[Sat May 07 12:43:39.161999 2022] [cgi:error] [pid 12812:tid 1836] [client ::1:61927] AH01215: [Sat May  7 12:43:39 2022] order1.cgi: Global symbol "$num" requires explicit package name (did you forget to declare "my $num"?) at F:/xampp/cgi-bin/order1.cgi line 8.: F:/xampp/cgi-bin/order1.cgi, referer: http://localhost/cgi-bin/order1.cgi
[Sat May 07 12:43:39.162999 2022] [cgi:error] [pid 12812:tid 1836] [client ::1:61927] AH01215: [Sat May  7 12:43:39 2022] order1.cgi: Global symbol "$num" requires explicit package name (did you forget to declare "my $num"?) at F:/xampp/cgi-bin/order1.cgi line 10.: F:/xampp/cgi-bin/order1.cgi, referer: http://localhost/cgi-bin/order1.cgi
[Sat May 07 12:43:39.162999 2022] [cgi:error] [pid 12812:tid 1836] [client ::1:61927] AH01215: [Sat May  7 12:43:39 2022] order1.cgi: Global symbol "$num" requires explicit package name (did you forget to declare "my $num"?) at F:/xampp/cgi-bin/order1.cgi line 67.: F:/xampp/cgi-bin/order1.cgi, referer: http://localhost/cgi-bin/order1.cgi
[Sat May 07 12:43:39.162999 2022] [cgi:error] [pid 12812:tid 1836] [client ::1:61927] AH01215: [Sat May  7 12:43:39 2022] order1.cgi: Execution of F:/xampp/cgi-bin/order1.cgi aborted due to compilation errors.: F:/xampp/cgi-bin/order1.cgi, referer: http://localhost/cgi-bin/order1.cgi
[Sat May 07 12:43:39.701372 2022] [cgi:error] [pid 12812:tid 1828] [client ::1:61941] AH01215: [Sat May  7 12:43:39 2022] order1.cgi: Global symbol "$num" requires explicit package name (did you forget to declare "my $num"?) at F:/xampp/cgi-bin/order1.cgi line 7.: F:/xampp/cgi-bin/order1.cgi, referer: http://localhost/cgi-bin/order1.cgi
[Sat May 07 12:43:39.701372 2022] [cgi:error] [pid 12812:tid 1828] [client ::1:61941] AH01215: [Sat May  7 12:43:39 2022] order1.cgi: Global symbol "$num" requires explicit package name (did you forget to declare "my $num"?) at F:/xampp/cgi-bin/order1.cgi line 8.: F:/xampp/cgi-bin/order1.cgi, referer: http://localhost/cgi-bin/order1.cgi
[Sat May 07 12:43:39.701372 2022] [cgi:error] [pid 12812:tid 1828] [client ::1:61941] AH01215: [Sat May  7 12:43:39 2022] order1.cgi: Global symbol "$num" requires explicit package name (did you forget to declare "my $num"?) at F:/xampp/cgi-bin/order1.cgi line 8.: F:/xampp/cgi-bin/order1.cgi, referer: http://localhost/cgi-bin/order1.cgi
[Sat May 07 12:43:39.701372 2022] [cgi:error] [pid 12812:tid 1828] [client ::1:61941] AH01215: [Sat May  7 12:43:39 2022] order1.cgi: Global symbol "$num" requires explicit package name (did you forget to declare "my $num"?) at F:/xampp/cgi-bin/order1.cgi line 10.: F:/xampp/cgi-bin/order1.cgi, referer: http://localhost/cgi-bin/order1.cgi
[Sat May 07 12:43:39.702373 2022] [cgi:error] [pid 12812:tid 1828] [client ::1:61941] AH01215: [Sat May  7 12:43:39 2022] order1.cgi: Global symbol "$num" requires explicit package name (did you forget to declare "my $num"?) at F:/xampp/cgi-bin/order1.cgi line 67.: F:/xampp/cgi-bin/order1.cgi, referer: http://localhost/cgi-bin/order1.cgi
[Sat May 07 12:43:39.702373 2022] [cgi:error] [pid 12812:tid 1828] [client ::1:61941] AH01215: [Sat May  7 12:43:39 2022] order1.cgi: Execution of F:/xampp/cgi-bin/order1.cgi aborted due to compilation errors.: F:/xampp/cgi-bin/order1.cgi, referer: http://localhost/cgi-bin/order1.cgi
[Sat May 07 12:43:39.875142 2022] [cgi:error] [pid 12812:tid 1836] [client ::1:61942] AH01215: [Sat May  7 12:43:39 2022] order1.cgi: Global symbol "$num" requires explicit package name (did you forget to declare "my $num"?) at F:/xampp/cgi-bin/order1.cgi line 7.: F:/xampp/cgi-bin/order1.cgi, referer: http://localhost/cgi-bin/order1.cgi
[Sat May 07 12:43:39.875142 2022] [cgi:error] [pid 12812:tid 1836] [client ::1:61942] AH01215: [Sat May  7 12:43:39 2022] order1.cgi: Global symbol "$num" requires explicit package name (did you forget to declare "my $num"?) at F:/xampp/cgi-bin/order1.cgi line 8.: F:/xampp/cgi-bin/order1.cgi, referer: http://localhost/cgi-bin/order1.cgi
[Sat May 07 12:43:39.875142 2022] [cgi:error] [pid 12812:tid 1836] [client ::1:61942] AH01215: [Sat May  7 12:43:39 2022] order1.cgi: Global symbol "$num" requires explicit package name (did you forget to declare "my $num"?) at F:/xampp/cgi-bin/order1.cgi line 8.: F:/xampp/cgi-bin/order1.cgi, referer: http://localhost/cgi-bin/order1.cgi
[Sat May 07 12:43:39.875142 2022] [cgi:error] [pid 12812:tid 1836] [client ::1:61942] AH01215: [Sat May  7 12:43:39 2022] order1.cgi: Global symbol "$num" requires explicit package name (did you forget to declare "my $num"?) at F:/xampp/cgi-bin/order1.cgi line 10.: F:/xampp/cgi-bin/order1.cgi, referer: http://localhost/cgi-bin/order1.cgi
[Sat May 07 12:43:39.875142 2022] [cgi:error] [pid 12812:tid 1836] [client ::1:61942] AH01215: [Sat May  7 12:43:39 2022] order1.cgi: Global symbol "$num" requires explicit package name (did you forget to declare "my $num"?) at F:/xampp/cgi-bin/order1.cgi line 67.: F:/xampp/cgi-bin/order1.cgi, referer: http://localhost/cgi-bin/order1.cgi
[Sat May 07 12:43:39.875142 2022] [cgi:error] [pid 12812:tid 1836] [client ::1:61942] AH01215: [Sat May  7 12:43:39 2022] order1.cgi: Execution of F:/xampp/cgi-bin/order1.cgi aborted due to compilation errors.: F:/xampp/cgi-bin/order1.cgi, referer: http://localhost/cgi-bin/order1.cgi
[Sat May 07 12:52:26.636287 2022] [cgi:error] [pid 12812:tid 1828] [client ::1:62214] malformed header from script 'order1.cgi': Bad header: 0<!doctype html>, referer: http://localhost/cgi-bin/order1.cgi
[Sat May 07 12:52:26.639289 2022] [cgi:error] [pid 12812:tid 1828] [client ::1:62214] AH01215: [Sat May  7 12:52:26 2022] order1.cgi: Argument "Set-Cookie: counter=22; path=/; expires=Fri, 05-Aug-2022..." isn't numeric in addition (+) at F:/xampp/cgi-bin/order1.cgi line 16.: F:/xampp/cgi-bin/order1.cgi, referer: http://localhost/cgi-bin/order1.cgi
[Sat May 07 12:52:26.640290 2022] [cgi:error] [pid 12812:tid 1828] [client ::1:62214] AH01215: [Sat May  7 12:52:26 2022] order1.cgi: Argument "Content-type: text/html\\n\\n" isn't numeric in addition (+) at F:/xampp/cgi-bin/order1.cgi line 16.: F:/xampp/cgi-bin/order1.cgi, referer: http://localhost/cgi-bin/order1.cgi
[Sat May 07 13:14:21.959537 2022] [cgi:error] [pid 12812:tid 1828] [client ::1:55114] End of script output before headers: order1.cgi, referer: http://localhost/index.html
[Sat May 07 13:14:21.959537 2022] [cgi:error] [pid 12812:tid 1828] [client ::1:55114] AH01215: Can't locate CGI/Fast.pm in @INC (you may need to install the CGI::Fast module) (@INC contains: F:/xampp/perl/site/lib F:/xampp/perl/vendor/lib F:/xampp/perl/lib) at F:/xampp/cgi-bin/order1.cgi line 6.: F:/xampp/cgi-bin/order1.cgi, referer: http://localhost/index.html
[Sat May 07 13:14:21.959537 2022] [cgi:error] [pid 12812:tid 1828] [client ::1:55114] AH01215: BEGIN failed--compilation aborted at F:/xampp/cgi-bin/order1.cgi line 6.: F:/xampp/cgi-bin/order1.cgi, referer: http://localhost/index.html
[Sat May 07 13:20:45.766054 2022] [ssl:warn] [pid 1272:tid 648] AH01909: www.example.com:443:0 server certificate does NOT include an ID which matches the server name
[Sat May 07 13:20:45.806294 2022] [core:warn] [pid 1272:tid 648] AH00098: pid file F:/xampp/apache/logs/httpd.pid overwritten -- Unclean shutdown of previous Apache run?
[Sat May 07 13:20:45.808296 2022] [ssl:warn] [pid 1272:tid 648] AH01909: www.example.com:443:0 server certificate does NOT include an ID which matches the server name
[Sat May 07 13:20:45.833872 2022] [mpm_winnt:notice] [pid 1272:tid 648] AH00455: Apache/2.4.52 (Win64) OpenSSL/1.1.1m PHP/7.4.28 configured -- resuming normal operations
[Sat May 07 13:20:45.833872 2022] [mpm_winnt:notice] [pid 1272:tid 648] AH00456: Apache Lounge VC15 Server built: Dec 23 2021 11:00:40
[Sat May 07 13:20:45.833872 2022] [core:notice] [pid 1272:tid 648] AH00094: Command line: 'f:\\xampp\\apache\\bin\\httpd.exe -d F:/xampp/apache'
[Sat May 07 13:20:45.840879 2022] [mpm_winnt:notice] [pid 1272:tid 648] AH00418: Parent: Created child process 15964
[Sat May 07 13:20:47.031400 2022] [ssl:warn] [pid 15964:tid 616] AH01909: www.example.com:443:0 server certificate does NOT include an ID which matches the server name
[Sat May 07 13:20:47.092956 2022] [ssl:warn] [pid 15964:tid 616] AH01909: www.example.com:443:0 server certificate does NOT include an ID which matches the server name
[Sat May 07 13:20:47.114976 2022] [mpm_winnt:notice] [pid 15964:tid 616] AH00354: Child: Starting 150 worker threads.
[Sat May 07 13:41:29.264029 2022] [ssl:warn] [pid 12184:tid 636] AH01909: www.example.com:443:0 server certificate does NOT include an ID which matches the server name
[Sat May 07 13:41:29.314074 2022] [core:warn] [pid 12184:tid 636] AH00098: pid file F:/xampp/apache/logs/httpd.pid overwritten -- Unclean shutdown of previous Apache run?
[Sat May 07 13:41:29.316438 2022] [ssl:warn] [pid 12184:tid 636] AH01909: www.example.com:443:0 server certificate does NOT include an ID which matches the server name
[Sat May 07 13:41:29.334443 2022] [mpm_winnt:notice] [pid 12184:tid 636] AH00455: Apache/2.4.52 (Win64) OpenSSL/1.1.1m PHP/7.4.28 configured -- resuming normal operations
[Sat May 07 13:41:29.334443 2022] [mpm_winnt:notice] [pid 12184:tid 636] AH00456: Apache Lounge VC15 Server built: Dec 23 2021 11:00:40
[Sat May 07 13:41:29.334443 2022] [core:notice] [pid 12184:tid 636] AH00094: Command line: 'f:\\xampp\\apache\\bin\\httpd.exe -d F:/xampp/apache'
[Sat May 07 13:41:29.341784 2022] [mpm_winnt:notice] [pid 12184:tid 636] AH00418: Parent: Created child process 6808
[Sat May 07 13:41:30.562054 2022] [ssl:warn] [pid 6808:tid 632] AH01909: www.example.com:443:0 server certificate does NOT include an ID which matches the server name
[Sat May 07 13:41:30.596438 2022] [ssl:warn] [pid 6808:tid 632] AH01909: www.example.com:443:0 server certificate does NOT include an ID which matches the server name
[Sat May 07 13:41:30.619458 2022] [mpm_winnt:notice] [pid 6808:tid 632] AH00354: Child: Starting 150 worker threads.
[Sat May 07 13:42:59.966435 2022] [mpm_winnt:crit] [pid 6808:tid 632] AH02538: Child: Parent process exited abruptly. Child process is ending
[Sat May 07 13:43:02.750706 2022] [ssl:warn] [pid 12012:tid 488] AH01909: www.example.com:443:0 server certificate does NOT include an ID which matches the server name
[Sat May 07 13:43:02.793112 2022] [core:warn] [pid 12012:tid 488] AH00098: pid file F:/xampp/apache/logs/httpd.pid overwritten -- Unclean shutdown of previous Apache run?
[Sat May 07 13:43:02.795114 2022] [ssl:warn] [pid 12012:tid 488] AH01909: www.example.com:443:0 server certificate does NOT include an ID which matches the server name
[Sat May 07 13:43:02.795114 2022] [mpm_winnt:notice] [pid 12012:tid 488] AH00455: Apache/2.4.52 (Win64) OpenSSL/1.1.1m mod_fcgid/2.3.10-dev configured -- resuming normal operations
[Sat May 07 13:43:02.795114 2022] [mpm_winnt:notice] [pid 12012:tid 488] AH00456: Apache Lounge VC15 Server built: Dec 23 2021 11:00:40
[Sat May 07 13:43:02.795114 2022] [core:notice] [pid 12012:tid 488] AH00094: Command line: 'f:\\xampp\\apache\\bin\\httpd.exe -d F:/xampp/apache'
[Sat May 07 13:43:02.802682 2022] [mpm_winnt:notice] [pid 12012:tid 488] AH00418: Parent: Created child process 16876
[Sat May 07 13:43:04.026258 2022] [ssl:warn] [pid 16876:tid 692] AH01909: www.example.com:443:0 server certificate does NOT include an ID which matches the server name
[Sat May 07 13:43:04.071827 2022] [ssl:warn] [pid 16876:tid 692] AH01909: www.example.com:443:0 server certificate does NOT include an ID which matches the server name
[Sat May 07 13:43:04.074829 2022] [mpm_winnt:notice] [pid 16876:tid 692] AH00354: Child: Starting 150 worker threads.
[Sat May 07 13:50:07.940252 2022] [mpm_winnt:crit] [pid 16876:tid 692] AH02538: Child: Parent process exited abruptly. Child process is ending
[Sat May 07 13:50:09.684244 2022] [ssl:warn] [pid 9856:tid 604] AH01909: www.example.com:443:0 server certificate does NOT include an ID which matches the server name
[Sat May 07 13:50:09.724280 2022] [core:warn] [pid 9856:tid 604] AH00098: pid file F:/xampp/apache/logs/httpd.pid overwritten -- Unclean shutdown of previous Apache run?
[Sat May 07 13:50:09.726283 2022] [ssl:warn] [pid 9856:tid 604] AH01909: www.example.com:443:0 server certificate does NOT include an ID which matches the server name
[Sat May 07 13:50:09.745301 2022] [mpm_winnt:notice] [pid 9856:tid 604] AH00455: Apache/2.4.52 (Win64) OpenSSL/1.1.1m PHP/7.4.28 configured -- resuming normal operations
[Sat May 07 13:50:09.745301 2022] [mpm_winnt:notice] [pid 9856:tid 604] AH00456: Apache Lounge VC15 Server built: Dec 23 2021 11:00:40
[Sat May 07 13:50:09.745301 2022] [core:notice] [pid 9856:tid 604] AH00094: Command line: 'f:\\xampp\\apache\\bin\\httpd.exe -d F:/xampp/apache'
[Sat May 07 13:50:09.752307 2022] [mpm_winnt:notice] [pid 9856:tid 604] AH00418: Parent: Created child process 12264
[Sat May 07 13:50:10.748441 2022] [ssl:warn] [pid 12264:tid 620] AH01909: www.example.com:443:0 server certificate does NOT include an ID which matches the server name
[Sat May 07 13:50:10.811469 2022] [ssl:warn] [pid 12264:tid 620] AH01909: www.example.com:443:0 server certificate does NOT include an ID which matches the server name
[Sat May 07 13:50:10.832488 2022] [mpm_winnt:notice] [pid 12264:tid 620] AH00354: Child: Starting 150 worker threads.
[Sat May 07 13:50:24.691328 2022] [mpm_winnt:crit] [pid 12264:tid 620] AH02538: Child: Parent process exited abruptly. Child process is ending
[Sat May 07 13:50:26.877352 2022] [ssl:warn] [pid 17172:tid 536] AH01909: www.example.com:443:0 server certificate does NOT include an ID which matches the server name
[Sat May 07 13:50:26.927398 2022] [core:warn] [pid 17172:tid 536] AH00098: pid file F:/xampp/apache/logs/httpd.pid overwritten -- Unclean shutdown of previous Apache run?
[Sat May 07 13:50:26.929400 2022] [ssl:warn] [pid 17172:tid 536] AH01909: www.example.com:443:0 server certificate does NOT include an ID which matches the server name
[Sat May 07 13:50:26.929400 2022] [mpm_winnt:notice] [pid 17172:tid 536] AH00455: Apache/2.4.52 (Win64) OpenSSL/1.1.1m mod_fcgid/2.3.10-dev configured -- resuming normal operations
[Sat May 07 13:50:26.929400 2022] [mpm_winnt:notice] [pid 17172:tid 536] AH00456: Apache Lounge VC15 Server built: Dec 23 2021 11:00:40
[Sat May 07 13:50:26.929400 2022] [core:notice] [pid 17172:tid 536] AH00094: Command line: 'f:\\xampp\\apache\\bin\\httpd.exe -d F:/xampp/apache'
[Sat May 07 13:50:26.936406 2022] [mpm_winnt:notice] [pid 17172:tid 536] AH00418: Parent: Created child process 10612
[Sat May 07 13:50:27.909326 2022] [ssl:warn] [pid 10612:tid 648] AH01909: www.example.com:443:0 server certificate does NOT include an ID which matches the server name
[Sat May 07 13:50:27.952392 2022] [ssl:warn] [pid 10612:tid 648] AH01909: www.example.com:443:0 server certificate does NOT include an ID which matches the server name
[Sat May 07 13:50:27.955394 2022] [mpm_winnt:notice] [pid 10612:tid 648] AH00354: Child: Starting 150 worker threads.
